#
# A fatal error has been detected by the Java Runtime Environment:
#
#  EXCEPTION_ACCESS_VIOLATION (0xc0000005) at pc=0x000007fbc17ea6c4, pid=1776, tid=4944
#
# JRE version: Java(TM) SE Runtime Environment (7.0_40-b43) (build 1.7.0_40-b43)
# Java VM: Java HotSpot(TM) 64-Bit Server VM (24.0-b56 mixed mode windows-amd64 compressed oops)
# Problematic frame:
# C  [ig7icd64.dll+0x2a6c4]
#
# Failed to write core dump. Minidumps are not enabled by default on client versions of Windows
#
# If you would like to submit a bug report, please visit:
#   http://bugreport.sun.com/bugreport/crash.jsp
# The crash happened outside the Java Virtual Machine in native code.
# See problematic frame for where to report the bug.
#

---------------  T H R E A D  ---------------

Current thread (0x000000000a286000):  JavaThread "LWJGL Application" [_thread_in_native, id=4944, stack(0x000000000b290000,0x000000000b390000)]

siginfo: ExceptionCode=0xc0000005, reading address 0x000000000a36d000

Registers:
RAX=0x00000000000007a0, RBX=0x000000000b4e0080, RCX=0x0000000000000000, RDX=0x000000000a36cff0
RSP=0x000000000b38cd80, RBP=0x000000000b38ceb0, RSI=0x000000000b569760, RDI=0x0000000013d5d000
R8 =0x000000000049c1e8, R9 =0x0000000000009383, R10=0x00000000000007a0, R11=0x0000000000000008
R12=0x0000000000000008, R13=0x000000000049c1e8, R14=0x000000000b4f5f88, R15=0x000000000b38ceb0
RIP=0x000007fbc17ea6c4, EFLAGS=0x0000000000010297

Top of Stack: (sp=0x000000000b38cd80)
0x000000000b38cd80:   0000000000000000 0000000000000000
0x000000000b38cd90:   0000000000000000 0000000000000000
0x000000000b38cda0:   000000000c0e7da0 000007fbc17e8b4a
0x000000000b38cdb0:   000000000b4e0080 000000000b4e0080
0x000000000b38cdc0:   000000000b38ceb0 000000000c0e7da0
0x000000000b38cdd0:   0000000000000001 000000000a286000
0x000000000b38cde0:   0020000000000002 0000000000000040
0x000000000b38cdf0:   0000000000000002 000000000b5e26a4
0x000000000b38ce00:   000000000c2a0e00 000000000b4f5fd0
0x000000000b38ce10:   0000000000000001 0000000000000002
0x000000000b38ce20:   0000000000000002 000000000b5e2688
0x000000000b38ce30:   000000000b38ceb0 000000000b4f5678
0x000000000b38ce40:   0000000000000012 000000036c3c64ba
0x000000000b38ce50:   0000000000000002 0000001c00000004
0x000000000b38ce60:   0000000000000002 000000000b5b9ac0
0x000000000b38ce70:   000000000b5e26c8 0000000000002688 

Instructions: (pc=0x000007fbc17ea6c4)
0x000007fbc17ea6a4:   e7 47 f0 49 3b c2 72 e4 e9 ab 00 00 00 4d 85 c9
0x000007fbc17ea6b4:   74 6c 66 66 0f 1f 84 00 00 00 00 00 66 0f 6f 3a
0x000007fbc17ea6c4:   66 0f 6f 72 10 66 0f 6f 6a 20 41 ff c2 48 83 ef
0x000007fbc17ea6d4:   80 41 8b c2 66 0f 6f 62 30 66 0f 6f 5a 40 66 0f 


Register to memory mapping:

RAX=0x00000000000007a0 is an unknown value
RBX=0x000000000b4e0080 is an unknown value
RCX=0x0000000000000000 is an unknown value
RDX=0x000000000a36cff0 is an unknown value
RSP=0x000000000b38cd80 is pointing into the stack for thread: 0x000000000a286000
RBP=0x000000000b38ceb0 is pointing into the stack for thread: 0x000000000a286000
RSI=0x000000000b569760 is an unknown value
RDI=0x0000000013d5d000 is an unknown value
R8 =0x000000000049c1e8 is an unknown value
R9 =0x0000000000009383 is an unknown value
R10=0x00000000000007a0 is an unknown value
R11=0x0000000000000008 is an unknown value
R12=0x0000000000000008 is an unknown value
R13=0x000000000049c1e8 is an unknown value
R14=0x000000000b4f5f88 is an unknown value
R15=0x000000000b38ceb0 is pointing into the stack for thread: 0x000000000a286000


Stack: [0x000000000b290000,0x000000000b390000],  sp=0x000000000b38cd80,  free space=1011k
Native frames: (J=compiled Java code, j=interpreted, Vv=VM code, C=native code)
C  [ig7icd64.dll+0x2a6c4]

Java frames: (J=compiled Java code, j=interpreted, Vv=VM code)
j  org.lwjgl.opengl.GL11.nglDrawArrays(IIIJ)V+0
j  org.lwjgl.opengl.GL11.glDrawArrays(III)V+20
j  com.badlogic.gdx.backends.lwjgl.LwjglGL10.glDrawArrays(III)V+3
j  com.badlogic.gdx.graphics.Mesh.render(III)V+182
j  com.badlogic.gdx.graphics.Mesh.render(I)V+26
j  com.badlogic.gdx.graphics.g3d.model.still.StillModel.render()V+70
j  GameObjects.Player.drawPlayer()V+43
j  First3D_Core.RenderPlayer(Ljava/nio/ByteBuffer;)V+128
j  First3D_Core.display()V+81
j  First3D_Core.render()V+5
j  com.badlogic.gdx.backends.lwjgl.LwjglApplication.mainLoop()V+491
j  com.badlogic.gdx.backends.lwjgl.LwjglApplication$1.run()V+27
v  ~StubRoutines::call_stub

---------------  P R O C E S S  ---------------

Java Threads: ( => current thread )
  0x00000000023a2800 JavaThread "DestroyJavaVM" [_thread_blocked, id=3904, stack(0x00000000021d0000,0x00000000022d0000)]
=>0x000000000a286000 JavaThread "LWJGL Application" [_thread_in_native, id=4944, stack(0x000000000b290000,0x000000000b390000)]
  0x000000000a219800 JavaThread "AWT-Windows" daemon [_thread_in_native, id=6640, stack(0x000000000aa30000,0x000000000ab30000)]
  0x000000000a218000 JavaThread "Java2D Disposer" daemon [_thread_blocked, id=3304, stack(0x000000000a830000,0x000000000a930000)]
  0x00000000080a6800 JavaThread "Service Thread" daemon [_thread_blocked, id=6708, stack(0x0000000009ed0000,0x0000000009fd0000)]
  0x00000000080a5000 JavaThread "C2 CompilerThread1" daemon [_thread_blocked, id=2552, stack(0x0000000009dd0000,0x0000000009ed0000)]
  0x000000000809c800 JavaThread "C2 CompilerThread0" daemon [_thread_blocked, id=3540, stack(0x0000000009cd0000,0x0000000009dd0000)]
  0x000000000808b800 JavaThread "JDWP Command Reader" daemon [_thread_in_native, id=3300, stack(0x0000000009bd0000,0x0000000009cd0000)]
  0x0000000008089000 JavaThread "JDWP Event Helper Thread" daemon [_thread_blocked, id=6128, stack(0x0000000009ad0000,0x0000000009bd0000)]
  0x000000000807b800 JavaThread "JDWP Transport Listener: dt_socket" daemon [_thread_blocked, id=1032, stack(0x00000000099d0000,0x0000000009ad0000)]
  0x0000000008074800 JavaThread "Attach Listener" daemon [_thread_blocked, id=2016, stack(0x00000000094f0000,0x00000000095f0000)]
  0x0000000008071800 JavaThread "Signal Dispatcher" daemon [_thread_blocked, id=6256, stack(0x00000000093f0000,0x00000000094f0000)]
  0x000000000803e000 JavaThread "Finalizer" daemon [_thread_blocked, id=6240, stack(0x00000000092f0000,0x00000000093f0000)]
  0x0000000008035800 JavaThread "Reference Handler" daemon [_thread_blocked, id=4072, stack(0x00000000091f0000,0x00000000092f0000)]

Other Threads:
  0x0000000008032000 VMThread [stack: 0x00000000090f0000,0x00000000091f0000] [id=3600]
  0x000000000809d800 WatcherThread [stack: 0x0000000009fd0000,0x000000000a0d0000] [id=4592]

VM state:not at safepoint (normal execution)

VM Mutex/Monitor currently owned by a thread: None

Heap
 PSYoungGen      total 205312K, used 121660K [0x00000000ebc80000, 0x00000000f9c80000, 0x0000000100000000)
  eden space 193536K, 56% used [0x00000000ebc80000,0x00000000f27d4a48,0x00000000f7980000)
  from space 11776K, 99% used [0x00000000f8900000,0x00000000f947a7a8,0x00000000f9480000)
  to   space 15872K, 0% used [0x00000000f7980000,0x00000000f7980000,0x00000000f8900000)
 ParOldGen       total 40960K, used 15271K [0x00000000c3600000, 0x00000000c5e00000, 0x00000000ebc80000)
  object space 40960K, 37% used [0x00000000c3600000,0x00000000c44e9d00,0x00000000c5e00000)
 PSPermGen       total 21504K, used 7209K [0x00000000be400000, 0x00000000bf900000, 0x00000000c3600000)
  object space 21504K, 33% used [0x00000000be400000,0x00000000beb0a660,0x00000000bf900000)

Card table byte_map: [0x00000000054a0000,0x00000000056b0000] byte_map_base: 0x0000000004eae000

Polling page: 0x00000000009c0000

Code Cache  [0x00000000024a0000, 0x0000000002710000, 0x00000000054a0000)
 total_blobs=513 nmethods=120 adapters=354 free_code_cache=48294Kb largest_free_block=49403392

Compilation events (10 events):
Event: 2.406 Thread 0x000000000809c800 nmethod 115 0x0000000002554550 code [0x0000000002554680, 0x00000000025546f8]
Event: 2.406 Thread 0x000000000809c800  117             java.util.ArrayList::get (11 bytes)
Event: 2.406 Thread 0x00000000080a5000 nmethod 116 0x0000000002554290 code [0x00000000025543c0, 0x0000000002554478]
Event: 2.406 Thread 0x00000000080a5000  118             com.badlogic.gdx.utils.FloatArray::get (27 bytes)
Event: 2.406 Thread 0x000000000809c800 nmethod 117 0x0000000002553f10 code [0x0000000002554060, 0x0000000002554158]
Event: 2.407 Thread 0x00000000080a5000 nmethod 118 0x0000000002547ad0 code [0x0000000002547c20, 0x0000000002547cf8]
Event: 2.408 Thread 0x000000000809c800  119             java.lang.Integer::intValue (5 bytes)
Event: 2.408 Thread 0x000000000809c800 nmethod 119 0x00000000025478d0 code [0x0000000002547a00, 0x0000000002547a58]
Event: 2.411 Thread 0x00000000080a5000  120 % !         com.badlogic.gdx.graphics.g3d.loaders.wavefront.ObjLoader::loadObj @ 1054 (1580 bytes)
Event: 2.580 Thread 0x00000000080a5000 nmethod 120% 0x000000000257be90 code [0x000000000257c120, 0x0000000002580380]

GC Heap History (10 events):
Event: 1.709 GC heap before
{Heap before GC invocations=6 (full 0):
 PSYoungGen      total 34304K, used 34273K [0x00000000ebc80000, 0x00000000f0180000, 0x0000000100000000)
  eden space 31744K, 100% used [0x00000000ebc80000,0x00000000edb80000,0x00000000edb80000)
  from space 2560K, 98% used [0x00000000edb80000,0x00000000eddf8678,0x00000000ede00000)
  to   space 3584K, 0% used [0x00000000efe00000,0x00000000efe00000,0x00000000f0180000)
 ParOldGen       total 40960K, used 456K [0x00000000c3600000, 0x00000000c5e00000, 0x00000000ebc80000)
  object space 40960K, 1% used [0x00000000c3600000,0x00000000c3672000,0x00000000c5e00000)
 PSPermGen       total 21504K, used 6975K [0x00000000be400000, 0x00000000bf900000, 0x00000000c3600000)
  object space 21504K, 32% used [0x00000000be400000,0x00000000beacfc40,0x00000000bf900000)
Event: 1.717 GC heap after
Heap after GC invocations=6 (full 0):
 PSYoungGen      total 66048K, used 3580K [0x00000000ebc80000, 0x00000000f0380000, 0x0000000100000000)
  eden space 62464K, 0% used [0x00000000ebc80000,0x00000000ebc80000,0x00000000ef980000)
  from space 3584K, 99% used [0x00000000efe00000,0x00000000f017f3b0,0x00000000f0180000)
  to   space 4608K, 0% used [0x00000000ef980000,0x00000000ef980000,0x00000000efe00000)
 ParOldGen       total 40960K, used 1672K [0x00000000c3600000, 0x00000000c5e00000, 0x00000000ebc80000)
  object space 40960K, 4% used [0x00000000c3600000,0x00000000c37a2000,0x00000000c5e00000)
 PSPermGen       total 21504K, used 6975K [0x00000000be400000, 0x00000000bf900000, 0x00000000c3600000)
  object space 21504K, 32% used [0x00000000be400000,0x00000000beacfc40,0x00000000bf900000)
}
Event: 1.798 GC heap before
{Heap before GC invocations=7 (full 0):
 PSYoungGen      total 66048K, used 66044K [0x00000000ebc80000, 0x00000000f0380000, 0x0000000100000000)
  eden space 62464K, 100% used [0x00000000ebc80000,0x00000000ef980000,0x00000000ef980000)
  from space 3584K, 99% used [0x00000000efe00000,0x00000000f017f3b0,0x00000000f0180000)
  to   space 4608K, 0% used [0x00000000ef980000,0x00000000ef980000,0x00000000efe00000)
 ParOldGen       total 40960K, used 1672K [0x00000000c3600000, 0x00000000c5e00000, 0x00000000ebc80000)
  object space 40960K, 4% used [0x00000000c3600000,0x00000000c37a2000,0x00000000c5e00000)
 PSPermGen       total 21504K, used 6976K [0x00000000be400000, 0x00000000bf900000, 0x00000000c3600000)
  object space 21504K, 32% used [0x00000000be400000,0x00000000bead01d8,0x00000000bf900000)
Event: 1.813 GC heap after
Heap after GC invocations=7 (full 0):
 PSYoungGen      total 67072K, used 4606K [0x00000000ebc80000, 0x00000000f4480000, 0x0000000100000000)
  eden space 62464K, 0% used [0x00000000ebc80000,0x00000000ebc80000,0x00000000ef980000)
  from space 4608K, 99% used [0x00000000ef980000,0x00000000efdff918,0x00000000efe00000)
  to   space 7168K, 0% used [0x00000000f3d80000,0x00000000f3d80000,0x00000000f4480000)
 ParOldGen       total 40960K, used 5135K [0x00000000c3600000, 0x00000000c5e00000, 0x00000000ebc80000)
  object space 40960K, 12% used [0x00000000c3600000,0x00000000c3b03d00,0x00000000c5e00000)
 PSPermGen       total 21504K, used 6976K [0x00000000be400000, 0x00000000bf900000, 0x00000000c3600000)
  object space 21504K, 32% used [0x00000000be400000,0x00000000bead01d8,0x00000000bf900000)
}
Event: 1.878 GC heap before
{Heap before GC invocations=8 (full 0):
 PSYoungGen      total 67072K, used 67070K [0x00000000ebc80000, 0x00000000f4480000, 0x0000000100000000)
  eden space 62464K, 100% used [0x00000000ebc80000,0x00000000ef980000,0x00000000ef980000)
  from space 4608K, 99% used [0x00000000ef980000,0x00000000efdff918,0x00000000efe00000)
  to   space 7168K, 0% used [0x00000000f3d80000,0x00000000f3d80000,0x00000000f4480000)
 ParOldGen       total 40960K, used 5135K [0x00000000c3600000, 0x00000000c5e00000, 0x00000000ebc80000)
  object space 40960K, 12% used [0x00000000c3600000,0x00000000c3b03d00,0x00000000c5e00000)
 PSPermGen       total 21504K, used 6976K [0x00000000be400000, 0x00000000bf900000, 0x00000000c3600000)
  object space 21504K, 32% used [0x00000000be400000,0x00000000bead02b8,0x00000000bf900000)
Event: 1.888 GC heap after
Heap after GC invocations=8 (full 0):
 PSYoungGen      total 130560K, used 7069K [0x00000000ebc80000, 0x00000000f4780000, 0x0000000100000000)
  eden space 123392K, 0% used [0x00000000ebc80000,0x00000000ebc80000,0x00000000f3500000)
  from space 7168K, 98% used [0x00000000f3d80000,0x00000000f44674e8,0x00000000f4480000)
  to   space 8704K, 0% used [0x00000000f3500000,0x00000000f3500000,0x00000000f3d80000)
 ParOldGen       total 40960K, used 5151K [0x00000000c3600000, 0x00000000c5e00000, 0x00000000ebc80000)
  object space 40960K, 12% used [0x00000000c3600000,0x00000000c3b07d00,0x00000000c5e00000)
 PSPermGen       total 21504K, used 6976K [0x00000000be400000, 0x00000000bf900000, 0x00000000c3600000)
  object space 21504K, 32% used [0x00000000be400000,0x00000000bead02b8,0x00000000bf900000)
}
Event: 2.052 GC heap before
{Heap before GC invocations=9 (full 0):
 PSYoungGen      total 130560K, used 128752K [0x00000000ebc80000, 0x00000000f4780000, 0x0000000100000000)
  eden space 123392K, 98% used [0x00000000ebc80000,0x00000000f3354cc0,0x00000000f3500000)
  from space 7168K, 98% used [0x00000000f3d80000,0x00000000f44674e8,0x00000000f4480000)
  to   space 8704K, 0% used [0x00000000f3500000,0x00000000f3500000,0x00000000f3d80000)
 ParOldGen       total 40960K, used 5151K [0x00000000c3600000, 0x00000000c5e00000, 0x00000000ebc80000)
  object space 40960K, 12% used [0x00000000c3600000,0x00000000c3b07d00,0x00000000c5e00000)
 PSPermGen       total 21504K, used 6977K [0x00000000be400000, 0x00000000bf900000, 0x00000000c3600000)
  object space 21504K, 32% used [0x00000000be400000,0x00000000bead0780,0x00000000bf900000)
Event: 2.071 GC heap after
Heap after GC invocations=9 (full 0):
 PSYoungGen      total 132096K, used 8690K [0x00000000ebc80000, 0x00000000f9480000, 0x0000000100000000)
  eden space 123392K, 0% used [0x00000000ebc80000,0x00000000ebc80000,0x00000000f3500000)
  from space 8704K, 99% used [0x00000000f3500000,0x00000000f3d7c8c0,0x00000000f3d80000)
  to   space 11776K, 0% used [0x00000000f8900000,0x00000000f8900000,0x00000000f9480000)
 ParOldGen       total 40960K, used 9799K [0x00000000c3600000, 0x00000000c5e00000, 0x00000000ebc80000)
  object space 40960K, 23% used [0x00000000c3600000,0x00000000c3f91d00,0x00000000c5e00000)
 PSPermGen       total 21504K, used 6977K [0x00000000be400000, 0x00000000bf900000, 0x00000000c3600000)
  object space 21504K, 32% used [0x00000000be400000,0x00000000bead0780,0x00000000bf900000)
}
Event: 2.262 GC heap before
{Heap before GC invocations=10 (full 0):
 PSYoungGen      total 132096K, used 127264K [0x00000000ebc80000, 0x00000000f9480000, 0x0000000100000000)
  eden space 123392K, 96% used [0x00000000ebc80000,0x00000000f304b8d8,0x00000000f3500000)
  from space 8704K, 99% used [0x00000000f3500000,0x00000000f3d7c8c0,0x00000000f3d80000)
  to   space 11776K, 0% used [0x00000000f8900000,0x00000000f8900000,0x00000000f9480000)
 ParOldGen       total 40960K, used 9799K [0x00000000c3600000, 0x00000000c5e00000, 0x00000000ebc80000)
  object space 40960K, 23% used [0x00000000c3600000,0x00000000c3f91d00,0x00000000c5e00000)
 PSPermGen       total 21504K, used 6987K [0x00000000be400000, 0x00000000bf900000, 0x00000000c3600000)
  object space 21504K, 32% used [0x00000000be400000,0x00000000bead2ef8,0x00000000bf900000)
Event: 2.285 GC heap after
Heap after GC invocations=10 (full 0):
 PSYoungGen      total 205312K, used 11753K [0x00000000ebc80000, 0x00000000f9c80000, 0x0000000100000000)
  eden space 193536K, 0% used [0x00000000ebc80000,0x00000000ebc80000,0x00000000f7980000)
  from space 11776K, 99% used [0x00000000f8900000,0x00000000f947a7a8,0x00000000f9480000)
  to   space 15872K, 0% used [0x00000000f7980000,0x00000000f7980000,0x00000000f8900000)
 ParOldGen       total 40960K, used 15271K [0x00000000c3600000, 0x00000000c5e00000, 0x00000000ebc80000)
  object space 40960K, 37% used [0x00000000c3600000,0x00000000c44e9d00,0x00000000c5e00000)
 PSPermGen       total 21504K, used 6987K [0x00000000be400000, 0x00000000bf900000, 0x00000000c3600000)
  object space 21504K, 32% used [0x00000000be400000,0x00000000bead2ef8,0x00000000bf900000)
}

Deoptimization events (8 events):
Event: 1.296 Thread 0x000000000a286000 Uncommon trap: reason=array_check action=maybe_recompile pc=0x0000000002532f80 method=java.util.AbstractCollection.toArray([Ljava/lang/Object;)[Ljava/lang/Object; @ 119
Event: 1.296 Thread 0x000000000a286000 Uncommon trap: reason=array_check action=maybe_recompile pc=0x0000000002532f80 method=java.util.AbstractCollection.toArray([Ljava/lang/Object;)[Ljava/lang/Object; @ 119
Event: 1.296 Thread 0x000000000a286000 Uncommon trap: reason=array_check action=maybe_recompile pc=0x0000000002532f80 method=java.util.AbstractCollection.toArray([Ljava/lang/Object;)[Ljava/lang/Object; @ 119
Event: 1.296 Thread 0x000000000a286000 Uncommon trap: reason=array_check action=maybe_recompile pc=0x0000000002532f80 method=java.util.AbstractCollection.toArray([Ljava/lang/Object;)[Ljava/lang/Object; @ 119
Event: 1.783 Thread 0x000000000a286000 Uncommon trap: reason=range_check action=make_not_entrant pc=0x00000000025600a0 method=com.badlogic.gdx.graphics.g3d.loaders.wavefront.ObjLoader.loadObj(Lcom/badlogic/gdx/files/FileHandle;Lcom/badlogic/gdx/files/FileHandle;Z)Lcom/badlogic/gdx/graphics/g3d/0∆¢ZP@
Event: 2.164 Thread 0x000000000a286000 Uncommon trap: reason=unloaded action=reinterpret pc=0x000000000253ec78 method=sun.misc.FloatingDecimal.doubleValue()D @ 848
Event: 2.398 Thread 0x000000000a286000 Uncommon trap: reason=unreached action=reinterpret pc=0x00000000025711c0 method=com.badlogic.gdx.graphics.g3d.loaders.wavefront.ObjLoader.loadObj(Lcom/badlogic/gdx/files/FileHandle;Lcom/badlogic/gdx/files/FileHandle;Z)Lcom/badlogic/gdx/graphics/g3d/model/s–ä∫‰∂@
Event: 2.589 Thread 0x000000000a286000 Uncommon trap: reason=unloaded action=reinterpret pc=0x000000000257cb74 method=com.badlogic.gdx.graphics.g3d.loaders.wavefront.ObjLoader.loadObj(Lcom/badlogic/gdx/files/FileHandle;Lcom/badlogic/gdx/files/FileHandle;Z)Lcom/badlogic/gdx/graphics/g3d/model/st

Internal exceptions (10 events):
Event: 2.590 Thread 0x000000000a286000 Threw 0x00000000f16f3d48 at C:\jdk7u2_64p\jdk7u40\hotspot\src\share\vm\prims\jvm.cpp:1244
Event: 2.591 Thread 0x000000000a286000 Threw 0x00000000f1706158 at C:\jdk7u2_64p\jdk7u40\hotspot\src\share\vm\prims\jvm.cpp:1244
Event: 2.591 Thread 0x000000000a286000 Threw 0x00000000f1709010 at C:\jdk7u2_64p\jdk7u40\hotspot\src\share\vm\prims\jvm.cpp:1244
Event: 2.592 Thread 0x000000000a286000 Threw 0x00000000f170bed8 at C:\jdk7u2_64p\jdk7u40\hotspot\src\share\vm\prims\jvm.cpp:1244
Event: 2.593 Thread 0x000000000a286000 Threw 0x00000000f1712d08 at C:\jdk7u2_64p\jdk7u40\hotspot\src\share\vm\prims\jvm.cpp:1244
Event: 2.593 Thread 0x000000000a286000 Threw 0x00000000f1718190 at C:\jdk7u2_64p\jdk7u40\hotspot\src\share\vm\prims\jvm.cpp:1244
Event: 2.595 Thread 0x000000000a286000 Threw 0x00000000f1723a00 at C:\jdk7u2_64p\jdk7u40\hotspot\src\share\vm\prims\jvm.cpp:1244
Event: 2.604 Thread 0x000000000a286000 Threw 0x00000000f172ada0 at C:\jdk7u2_64p\jdk7u40\hotspot\src\share\vm\prims\jvm.cpp:1244
Event: 2.605 Thread 0x000000000a286000 Threw 0x00000000f1736eb8 at C:\jdk7u2_64p\jdk7u40\hotspot\src\share\vm\prims\jvm.cpp:1244
Event: 2.606 Thread 0x000000000a286000 Threw 0x00000000f173a750 at C:\jdk7u2_64p\jdk7u40\hotspot\src\share\vm\prims\jvm.cpp:1244

Events (10 events):
Event: 2.595 loading class 0x000000000a37aac0
Event: 2.595 loading class 0x000000000a37aac0 done
Event: 2.595 loading class 0x0000000002438ed0
Event: 2.595 loading class 0x0000000002438ed0 done
Event: 2.603 loading class 0x000000000a341070
Event: 2.603 loading class 0x000000000a341070 done
Event: 2.605 loading class 0x000000000a445fc0
Event: 2.605 loading class 0x000000000a445fc0 done
Event: 2.606 loading class 0x000000000a442bc0
Event: 2.606 loading class 0x000000000a442bc0 done


Dynamic libraries:
0x000007f7ce850000 - 0x000007f7ce883000 	C:\Program Files\Java\jre7\bin\javaw.exe
0x000007fbdb610000 - 0x000007fbdb7d0000 	C:\WINDOWS\SYSTEM32\ntdll.dll
0x000007fbda540000 - 0x000007fbda676000 	C:\WINDOWS\system32\KERNEL32.DLL
0x000007fbd85e0000 - 0x000007fbd86d3000 	C:\WINDOWS\system32\KERNELBASE.dll
0x000007fbd8a00000 - 0x000007fbd8ade000 	C:\WINDOWS\system32\ADVAPI32.dll
0x000007fbdb190000 - 0x000007fbdb2dc000 	C:\WINDOWS\system32\USER32.dll
0x000007fbd53b0000 - 0x000007fbd561a000 	C:\WINDOWS\WinSxS\amd64_microsoft.windows.common-controls_6595b64144ccf1df_6.0.9200.16579_none_418ab7ef718b27ef\COMCTL32.dll
0x000007fbda290000 - 0x000007fbda335000 	C:\WINDOWS\system32\msvcrt.dll
0x000007fbda9c0000 - 0x000007fbdaa08000 	C:\WINDOWS\SYSTEM32\sechost.dll
0x000007fbdb4c0000 - 0x000007fbdb605000 	C:\WINDOWS\system32\RPCRT4.dll
0x000007fbda340000 - 0x000007fbda481000 	C:\WINDOWS\system32\GDI32.dll
0x000007fbda250000 - 0x000007fbda289000 	C:\WINDOWS\system32\IMM32.DLL
0x000007fbda6f0000 - 0x000007fbda806000 	C:\WINDOWS\system32\MSCTF.dll
0x000000006ca80000 - 0x000000006cb51000 	C:\Program Files\Java\jre7\bin\msvcr100.dll
0x000000006c2b0000 - 0x000000006ca79000 	C:\Program Files\Java\jre7\bin\server\jvm.dll
0x000007fbd6440000 - 0x000007fbd6449000 	C:\WINDOWS\SYSTEM32\WSOCK32.dll
0x000007fbd5f60000 - 0x000007fbd5f80000 	C:\WINDOWS\SYSTEM32\WINMM.dll
0x000007fbdb4b0000 - 0x000007fbdb4b7000 	C:\WINDOWS\system32\PSAPI.DLL
0x000007fbda1f0000 - 0x000007fbda248000 	C:\WINDOWS\system32\WS2_32.dll
0x000007fbd0290000 - 0x000007fbd02c3000 	C:\WINDOWS\SYSTEM32\WINMMBASE.dll
0x000007fbda1e0000 - 0x000007fbda1e9000 	C:\WINDOWS\system32\NSI.dll
0x000007fbd8590000 - 0x000007fbd85df000 	C:\WINDOWS\SYSTEM32\cfgmgr32.dll
0x000007fbd8790000 - 0x000007fbd87b2000 	C:\WINDOWS\system32\DEVOBJ.dll
0x000000006c2a0000 - 0x000000006c2af000 	C:\Program Files\Java\jre7\bin\verify.dll
0x000000006c270000 - 0x000000006c298000 	C:\Program Files\Java\jre7\bin\java.dll
0x000000006c120000 - 0x000000006c155000 	C:\Program Files\Java\jre7\bin\jdwp.dll
0x000000006c110000 - 0x000000006c118000 	C:\Program Files\Java\jre7\bin\npt.dll
0x000000006c250000 - 0x000000006c265000 	C:\Program Files\Java\jre7\bin\zip.dll
0x000000006c100000 - 0x000000006c109000 	C:\Program Files\Java\jre7\bin\dt_socket.dll
0x000007fbcc140000 - 0x000007fbcc154000 	C:\WINDOWS\system32\napinsp.dll
0x000007fbcc160000 - 0x000007fbcc178000 	C:\WINDOWS\system32\pnrpnsp.dll
0x000007fbd67a0000 - 0x000007fbd67b6000 	C:\WINDOWS\system32\NLAapi.dll
0x000007fbd7d10000 - 0x000007fbd7d6c000 	C:\WINDOWS\System32\mswsock.dll
0x000007fbd7b50000 - 0x000007fbd7be8000 	C:\WINDOWS\SYSTEM32\DNSAPI.dll
0x000007fbcc180000 - 0x000007fbcc192000 	C:\WINDOWS\System32\winrnr.dll
0x000007fbd0510000 - 0x000007fbd0524000 	C:\WINDOWS\system32\wshbth.dll
0x000007fbd2de0000 - 0x000007fbd2e41000 	C:\WINDOWS\System32\fwpuclnt.dll
0x000007fbcf920000 - 0x000007fbcf928000 	C:\Windows\System32\rasadhlp.dll
0x000000006bf60000 - 0x000000006c0f5000 	C:\Program Files\Java\jre7\bin\awt.dll
0x000007fbd9f70000 - 0x000007fbda033000 	C:\WINDOWS\system32\OLEAUT32.dll
0x000007fbda810000 - 0x000007fbda9c0000 	C:\WINDOWS\system32\combase.dll
0x000007fbd2260000 - 0x000007fbd22ff000 	C:\WINDOWS\system32\apphelp.dll
0x000007fbd7350000 - 0x000007fbd7436000 	C:\WINDOWS\system32\uxtheme.dll
0x000007fbd56f0000 - 0x000007fbd5711000 	C:\WINDOWS\SYSTEM32\dwmapi.dll
0x000007fbdad80000 - 0x000007fbdaefe000 	C:\WINDOWS\system32\ole32.dll
0x000007fbd8300000 - 0x000007fbd830a000 	C:\WINDOWS\SYSTEM32\CRYPTBASE.dll
0x000007fbd82a0000 - 0x000007fbd82fc000 	C:\WINDOWS\SYSTEM32\bcryptPrimitives.dll
0x0000000065580000 - 0x000000006560d000 	C:\Users\hafsteinn11\AppData\Local\Temp\libgdxhafsteinn11\123946040\gdx64.dll
0x0000000180000000 - 0x0000000180050000 	C:\Users\hafsteinn11\AppData\Local\Temp\libgdxhafsteinn11\27538956\lwjgl64.dll
0x000007fbcba80000 - 0x000007fbcbb9f000 	C:\WINDOWS\SYSTEM32\OPENGL32.dll
0x000007fbd6380000 - 0x000007fbd6389000 	C:\WINDOWS\SYSTEM32\VERSION.dll
0x000007fbd3550000 - 0x000007fbd357c000 	C:\WINDOWS\SYSTEM32\GLU32.dll
0x000007fbca910000 - 0x000007fbca9fa000 	C:\WINDOWS\SYSTEM32\DDRAW.dll
0x000007fbd41b0000 - 0x000007fbd41b8000 	C:\WINDOWS\SYSTEM32\DCIMAN32.dll
0x000000000ad30000 - 0x000000000ad92000 	C:\Users\HAFSTE~1\AppData\Local\Temp\libgdxhafsteinn11\27538956\OpenAL64.dll
0x000007fbd8c90000 - 0x000007fbd9f70000 	C:\WINDOWS\system32\SHELL32.dll
0x000007fbd8c40000 - 0x000007fbd8c90000 	C:\WINDOWS\system32\SHLWAPI.dll
0x000007fbd6390000 - 0x000007fbd6426000 	C:\WINDOWS\SYSTEM32\SHCORE.dll
0x000007fbdaa80000 - 0x000007fbdab16000 	C:\WINDOWS\SYSTEM32\clbcatq.dll
0x000007fbd6000000 - 0x000007fbd6062000 	C:\WINDOWS\System32\MMDevApi.dll
0x000007fbcb8d0000 - 0x000007fbcb95b000 	C:\WINDOWS\SYSTEM32\dsound.dll
0x000007fbd8460000 - 0x000007fbd84a3000 	C:\WINDOWS\SYSTEM32\POWRPROF.dll
0x000007fbd5bf0000 - 0x000007fbd5c62000 	C:\WINDOWS\SYSTEM32\AUDIOSES.DLL
0x000007fbc17c0000 - 0x000007fbc22e9000 	C:\WINDOWS\SYSTEM32\ig7icd64.dll
0x000007fbcb7c0000 - 0x000007fbcb851000 	C:\WINDOWS\SYSTEM32\mscms.dll
0x000007fbd7af0000 - 0x000007fbd7b0f000 	C:\WINDOWS\SYSTEM32\USERENV.dll
0x000007fbd84c0000 - 0x000007fbd84d5000 	C:\WINDOWS\SYSTEM32\profapi.dll
0x000007fbd34f0000 - 0x000007fbd3530000 	C:\WINDOWS\SYSTEM32\icm32.dll
0x000007fbd61e0000 - 0x000007fbd6343000 	C:\WINDOWS\SYSTEM32\dbghelp.dll

VM Arguments:
jvm_args: -agentlib:jdwp=transport=dt_socket,suspend=y,address=localhost:23439 -Dfile.encoding=Cp1252 
java_command: DesktopStarter
Launcher Type: SUN_STANDARD

Environment Variables:
PATH=C:\Perl64\site\bin;C:\Perl64\bin;C:\WINDOWS\system32;C:\WINDOWS;C:\WINDOWS\System32\Wbem;C:\WINDOWS\System32\WindowsPowerShell\v1.0\;C:\Program Files\Microsoft\Web Platform Installer\;C:\Program Files (x86)\Microsoft ASP.NET\ASP.NET Web Pages\v1.0\;C:\Program Files (x86)\Windows Kits\8.0\Windows Performance Toolkit\;C:\Program Files\Microsoft SQL Server\110\Tools\Binn\;C:\Program Files\nodejs\;C:\Program Files (x86)\MiKTeX 2.9\miktex\bin\;C:\Program Files\Java\jdk1.7.0_40\bin;c:\Program Files (x86)\Microsoft SQL Server\100\Tools\Binn\VSShell\Common7\IDE\;c:\Program Files (x86)\Microsoft SQL Server\100\Tools\Binn\;c:\Program Files\Microsoft SQL Server\100\Tools\Binn\;c:\Program Files (x86)\Microsoft SQL Server\100\DTS\Binn\;C:\Users\hafsteinn11\AppData\Roaming\npm
USERNAME=hafsteinn11
OS=Windows_NT
PROCESSOR_IDENTIFIER=Intel64 Family 6 Model 58 Stepping 9, GenuineIntel



---------------  S Y S T E M  ---------------

OS: Windows 8 , 64 bit Build 9200 

CPU:total 4 (2 cores per cpu, 2 threads per core) family 6 model 58 stepping 9, cmov, cx8, fxsr, mmx, sse, sse2, sse3, ssse3, sse4.1, sse4.2, popcnt, avx, aes, erms, ht, tsc, tscinvbit, tscinv

Memory: 4k page, physical 3970588k(1523756k free), swap 5936672k(2205384k free)

vm_info: Java HotSpot(TM) 64-Bit Server VM (24.0-b56) for windows-amd64 JRE (1.7.0_40-b43), built on Aug 26 2013 22:38:32 by "java_re" with unknown MS VC++:1600

time: Sat Nov 16 22:48:35 2013
elapsed time: 2 seconds

