#
# A fatal error has been detected by the Java Runtime Environment:
#
#  EXCEPTION_ACCESS_VIOLATION (0xc0000005) at pc=0x000007fc744da6e7, pid=3228, tid=3296
#
# JRE version: Java(TM) SE Runtime Environment (7.0_40-b43) (build 1.7.0_40-b43)
# Java VM: Java HotSpot(TM) 64-Bit Server VM (24.0-b56 mixed mode windows-amd64 compressed oops)
# Problematic frame:
# C  [ig7icd64.dll+0x2a6e7]
#
# Failed to write core dump. Minidumps are not enabled by default on client versions of Windows
#
# If you would like to submit a bug report, please visit:
#   http://bugreport.sun.com/bugreport/crash.jsp
# The crash happened outside the Java Virtual Machine in native code.
# See problematic frame for where to report the bug.
#

---------------  T H R E A D  ---------------

Current thread (0x000000000a15f000):  JavaThread "LWJGL Application" [_thread_in_native, id=3296, stack(0x000000000b4b0000,0x000000000b5b0000)]

siginfo: ExceptionCode=0xc0000005, reading address 0x000000000a2fc000

Registers:
RAX=0x00000000000006ec, RBX=0x000000000b5b0080, RCX=0x0000000000000000, RDX=0x000000000a2fbfa0
RSP=0x000000000b5acdf0, RBP=0x000000000b5acf20, RSI=0x000000000b62d490, RDI=0x0000000013b67600
R8 =0x000000000049c1e8, R9 =0x0000000000009383, R10=0x00000000000006ec, R11=0x0000000000000008
R12=0x0000000000000008, R13=0x000000000049c1e8, R14=0x000000000b5c5f88, R15=0x000000000b5acf20
RIP=0x000007fc744da6e7, EFLAGS=0x0000000000010207

Top of Stack: (sp=0x000000000b5acdf0)
0x000000000b5acdf0:   0000000000000000 0000000000000000
0x000000000b5ace00:   0000000000000000 0000000000000000
0x000000000b5ace10:   000000000c8cd7f0 000007fc744d8b4a
0x000000000b5ace20:   000000000b5b0080 000000000b5b0080
0x000000000b5ace30:   000000000b5acf20 000000000c8cd7f0
0x000000000b5ace40:   0000000000000001 000000000a15f000
0x000000000b5ace50:   0020000000000002 0000000000000040
0x000000000b5ace60:   0000000000000002 000000000ad426a4
0x000000000b5ace70:   000000000cb29100 000000000b5c5fd0
0x000000000b5ace80:   0000000000000001 0000000000000002
0x000000000b5ace90:   0000000000000002 000000000ad42688
0x000000000b5acea0:   000000000b5acf20 000000000b5c5678
0x000000000b5aceb0:   0000000000000012 0000000354d564ba
0x000000000b5acec0:   0000000000000002 0000001c00000004
0x000000000b5aced0:   0000000000000002 000000000b681960
0x000000000b5acee0:   000000000ad426c8 0000000000002688 

Instructions: (pc=0x000007fc744da6e7)
0x000007fc744da6c7:   72 10 66 0f 6f 6a 20 41 ff c2 48 83 ef 80 41 8b
0x000007fc744da6d7:   c2 66 0f 6f 62 30 66 0f 6f 5a 40 66 0f 6f 52 50
0x000007fc744da6e7:   66 0f 6f 4a 60 66 0f 6f 42 70 66 0f e7 7f 80 48
0x000007fc744da6f7:   83 ea 80 66 0f e7 77 90 66 0f e7 6f a0 66 0f e7 


Register to memory mapping:

RAX=0x00000000000006ec is an unknown value
RBX=0x000000000b5b0080 is an unknown value
RCX=0x0000000000000000 is an unknown value
RDX=0x000000000a2fbfa0 is an unknown value
RSP=0x000000000b5acdf0 is pointing into the stack for thread: 0x000000000a15f000
RBP=0x000000000b5acf20 is pointing into the stack for thread: 0x000000000a15f000
RSI=0x000000000b62d490 is an unknown value
RDI=0x0000000013b67600 is an unknown value
R8 =0x000000000049c1e8 is an unknown value
R9 =0x0000000000009383 is an unknown value
R10=0x00000000000006ec is an unknown value
R11=0x0000000000000008 is an unknown value
R12=0x0000000000000008 is an unknown value
R13=0x000000000049c1e8 is an unknown value
R14=0x000000000b5c5f88 is an unknown value
R15=0x000000000b5acf20 is pointing into the stack for thread: 0x000000000a15f000


Stack: [0x000000000b4b0000,0x000000000b5b0000],  sp=0x000000000b5acdf0,  free space=1011k
Native frames: (J=compiled Java code, j=interpreted, Vv=VM code, C=native code)
C  [ig7icd64.dll+0x2a6e7]

Java frames: (J=compiled Java code, j=interpreted, Vv=VM code)
j  org.lwjgl.opengl.GL11.nglDrawArrays(IIIJ)V+0
j  org.lwjgl.opengl.GL11.glDrawArrays(III)V+20
j  com.badlogic.gdx.backends.lwjgl.LwjglGL10.glDrawArrays(III)V+3
j  com.badlogic.gdx.graphics.Mesh.render(III)V+182
j  com.badlogic.gdx.graphics.Mesh.render(I)V+26
j  com.badlogic.gdx.graphics.g3d.model.still.StillModel.render()V+70
j  GameObjects.Player.drawPlayer()V+43
j  First3D_Core.RenderPlayer(Ljava/nio/ByteBuffer;)V+128
j  First3D_Core.display()V+81
j  First3D_Core.render()V+5
j  com.badlogic.gdx.backends.lwjgl.LwjglApplication.mainLoop()V+491
j  com.badlogic.gdx.backends.lwjgl.LwjglApplication$1.run()V+27
v  ~StubRoutines::call_stub

---------------  P R O C E S S  ---------------

Java Threads: ( => current thread )
  0x00000000028e0800 JavaThread "DestroyJavaVM" [_thread_blocked, id=3368, stack(0x00000000027e0000,0x00000000028e0000)]
=>0x000000000a15f000 JavaThread "LWJGL Application" [_thread_in_native, id=3296, stack(0x000000000b4b0000,0x000000000b5b0000)]
  0x000000000a028800 JavaThread "AWT-Windows" daemon [_thread_in_native, id=3456, stack(0x000000000a960000,0x000000000aa60000)]
  0x000000000a027000 JavaThread "Java2D Disposer" daemon [_thread_blocked, id=1544, stack(0x000000000a760000,0x000000000a860000)]
  0x0000000008682000 JavaThread "Service Thread" daemon [_thread_blocked, id=2608, stack(0x0000000009e00000,0x0000000009f00000)]
  0x000000000867a000 JavaThread "C2 CompilerThread1" daemon [_thread_blocked, id=2560, stack(0x0000000009d00000,0x0000000009e00000)]
  0x0000000008675000 JavaThread "C2 CompilerThread0" daemon [_thread_blocked, id=2604, stack(0x0000000009c00000,0x0000000009d00000)]
  0x0000000008672000 JavaThread "Attach Listener" daemon [_thread_blocked, id=3356, stack(0x0000000009b00000,0x0000000009c00000)]
  0x000000000866f000 JavaThread "Signal Dispatcher" daemon [_thread_blocked, id=3360, stack(0x0000000009a00000,0x0000000009b00000)]
  0x000000000863c000 JavaThread "Finalizer" daemon [_thread_blocked, id=3376, stack(0x0000000009900000,0x0000000009a00000)]
  0x0000000008631800 JavaThread "Reference Handler" daemon [_thread_blocked, id=3364, stack(0x0000000009800000,0x0000000009900000)]

Other Threads:
  0x000000000862f800 VMThread [stack: 0x0000000009700000,0x0000000009800000] [id=3372]
  0x000000000869a800 WatcherThread [stack: 0x0000000009f00000,0x000000000a000000] [id=2264]

VM state:not at safepoint (normal execution)

VM Mutex/Monitor currently owned by a thread: None

Heap
 PSYoungGen      total 205312K, used 121672K [0x00000000ebc80000, 0x00000000f9c80000, 0x0000000100000000)
  eden space 193536K, 56% used [0x00000000ebc80000,0x00000000f27d7b38,0x00000000f7980000)
  from space 11776K, 99% used [0x00000000f8900000,0x00000000f947a7a8,0x00000000f9480000)
  to   space 15872K, 0% used [0x00000000f7980000,0x00000000f7980000,0x00000000f8900000)
 ParOldGen       total 40960K, used 15251K [0x00000000c3600000, 0x00000000c5e00000, 0x00000000ebc80000)
  object space 40960K, 37% used [0x00000000c3600000,0x00000000c44e4cf0,0x00000000c5e00000)
 PSPermGen       total 21504K, used 7127K [0x00000000be400000, 0x00000000bf900000, 0x00000000c3600000)
  object space 21504K, 33% used [0x00000000be400000,0x00000000beaf5c88,0x00000000bf900000)

Card table byte_map: [0x0000000005aa0000,0x0000000005cb0000] byte_map_base: 0x00000000054ae000

Polling page: 0x0000000000f20000

Code Cache  [0x00000000029e0000, 0x0000000002c50000, 0x00000000059e0000)
 total_blobs=527 nmethods=126 adapters=354 free_code_cache=48267Kb largest_free_block=49398080

Compilation events (10 events):
Event: 3.210 Thread 0x0000000008675000  122             java.nio.charset.CoderResult::isUnderflow (13 bytes)
Event: 3.211 Thread 0x0000000008675000 nmethod 122 0x0000000002a94b10 code [0x0000000002a94c40, 0x0000000002a94c98]
Event: 3.263 Thread 0x000000000867a000  123             java.nio.CharBuffer::arrayOffset (35 bytes)
Event: 3.264 Thread 0x000000000867a000 nmethod 123 0x0000000002a96210 code [0x0000000002a96340, 0x0000000002a963b8]
Event: 3.350 Thread 0x0000000008675000  124             com.badlogic.gdx.utils.FloatArray::get (27 bytes)
Event: 3.350 Thread 0x0000000008675000 nmethod 124 0x0000000002a635d0 code [0x0000000002a63700, 0x0000000002a63798]
Event: 3.351 Thread 0x000000000867a000  125             java.lang.Integer::intValue (5 bytes)
Event: 3.352 Thread 0x000000000867a000 nmethod 125 0x0000000002a633d0 code [0x0000000002a63500, 0x0000000002a63558]
Event: 3.355 Thread 0x0000000008675000  126 % !         com.badlogic.gdx.graphics.g3d.loaders.wavefront.ObjLoader::loadObj @ 1054 (1580 bytes)
Event: 3.451 Thread 0x0000000008675000 nmethod 126% 0x0000000002abf890 code [0x0000000002abfae0, 0x0000000002ac25e0]

GC Heap History (10 events):
Event: 2.551 GC heap before
{Heap before GC invocations=6 (full 0):
 PSYoungGen      total 34304K, used 34273K [0x00000000ebc80000, 0x00000000f0180000, 0x0000000100000000)
  eden space 31744K, 100% used [0x00000000ebc80000,0x00000000edb80000,0x00000000edb80000)
  from space 2560K, 98% used [0x00000000edb80000,0x00000000eddf8678,0x00000000ede00000)
  to   space 3584K, 0% used [0x00000000efe00000,0x00000000efe00000,0x00000000f0180000)
 ParOldGen       total 40960K, used 456K [0x00000000c3600000, 0x00000000c5e00000, 0x00000000ebc80000)
  object space 40960K, 1% used [0x00000000c3600000,0x00000000c3672000,0x00000000c5e00000)
 PSPermGen       total 21504K, used 6894K [0x00000000be400000, 0x00000000bf900000, 0x00000000c3600000)
  object space 21504K, 32% used [0x00000000be400000,0x00000000beabbb18,0x00000000bf900000)
Event: 2.560 GC heap after
Heap after GC invocations=6 (full 0):
 PSYoungGen      total 66048K, used 3564K [0x00000000ebc80000, 0x00000000f0380000, 0x0000000100000000)
  eden space 62464K, 0% used [0x00000000ebc80000,0x00000000ebc80000,0x00000000ef980000)
  from space 3584K, 99% used [0x00000000efe00000,0x00000000f017b3a0,0x00000000f0180000)
  to   space 4608K, 0% used [0x00000000ef980000,0x00000000ef980000,0x00000000efe00000)
 ParOldGen       total 40960K, used 1680K [0x00000000c3600000, 0x00000000c5e00000, 0x00000000ebc80000)
  object space 40960K, 4% used [0x00000000c3600000,0x00000000c37a4000,0x00000000c5e00000)
 PSPermGen       total 21504K, used 6894K [0x00000000be400000, 0x00000000bf900000, 0x00000000c3600000)
  object space 21504K, 32% used [0x00000000be400000,0x00000000beabbb18,0x00000000bf900000)
}
Event: 2.669 GC heap before
{Heap before GC invocations=7 (full 0):
 PSYoungGen      total 66048K, used 66028K [0x00000000ebc80000, 0x00000000f0380000, 0x0000000100000000)
  eden space 62464K, 100% used [0x00000000ebc80000,0x00000000ef980000,0x00000000ef980000)
  from space 3584K, 99% used [0x00000000efe00000,0x00000000f017b3a0,0x00000000f0180000)
  to   space 4608K, 0% used [0x00000000ef980000,0x00000000ef980000,0x00000000efe00000)
 ParOldGen       total 40960K, used 1680K [0x00000000c3600000, 0x00000000c5e00000, 0x00000000ebc80000)
  object space 40960K, 4% used [0x00000000c3600000,0x00000000c37a4000,0x00000000c5e00000)
 PSPermGen       total 21504K, used 6896K [0x00000000be400000, 0x00000000bf900000, 0x00000000c3600000)
  object space 21504K, 32% used [0x00000000be400000,0x00000000beabc0b0,0x00000000bf900000)
Event: 2.684 GC heap after
Heap after GC invocations=7 (full 0):
 PSYoungGen      total 67072K, used 4606K [0x00000000ebc80000, 0x00000000f4480000, 0x0000000100000000)
  eden space 62464K, 0% used [0x00000000ebc80000,0x00000000ebc80000,0x00000000ef980000)
  from space 4608K, 99% used [0x00000000ef980000,0x00000000efdff918,0x00000000efe00000)
  to   space 7168K, 0% used [0x00000000f3d80000,0x00000000f3d80000,0x00000000f4480000)
 ParOldGen       total 40960K, used 5123K [0x00000000c3600000, 0x00000000c5e00000, 0x00000000ebc80000)
  object space 40960K, 12% used [0x00000000c3600000,0x00000000c3b00cf0,0x00000000c5e00000)
 PSPermGen       total 21504K, used 6896K [0x00000000be400000, 0x00000000bf900000, 0x00000000c3600000)
  object space 21504K, 32% used [0x00000000be400000,0x00000000beabc0b0,0x00000000bf900000)
}
Event: 2.801 GC heap before
{Heap before GC invocations=8 (full 0):
 PSYoungGen      total 67072K, used 67070K [0x00000000ebc80000, 0x00000000f4480000, 0x0000000100000000)
  eden space 62464K, 100% used [0x00000000ebc80000,0x00000000ef980000,0x00000000ef980000)
  from space 4608K, 99% used [0x00000000ef980000,0x00000000efdff918,0x00000000efe00000)
  to   space 7168K, 0% used [0x00000000f3d80000,0x00000000f3d80000,0x00000000f4480000)
 ParOldGen       total 40960K, used 5123K [0x00000000c3600000, 0x00000000c5e00000, 0x00000000ebc80000)
  object space 40960K, 12% used [0x00000000c3600000,0x00000000c3b00cf0,0x00000000c5e00000)
 PSPermGen       total 21504K, used 6896K [0x00000000be400000, 0x00000000bf900000, 0x00000000c3600000)
  object space 21504K, 32% used [0x00000000be400000,0x00000000beabc190,0x00000000bf900000)
Event: 2.813 GC heap after
Heap after GC invocations=8 (full 0):
 PSYoungGen      total 130560K, used 7101K [0x00000000ebc80000, 0x00000000f4780000, 0x0000000100000000)
  eden space 123392K, 0% used [0x00000000ebc80000,0x00000000ebc80000,0x00000000f3500000)
  from space 7168K, 99% used [0x00000000f3d80000,0x00000000f446f4e8,0x00000000f4480000)
  to   space 8704K, 0% used [0x00000000f3500000,0x00000000f3500000,0x00000000f3d80000)
 ParOldGen       total 40960K, used 5123K [0x00000000c3600000, 0x00000000c5e00000, 0x00000000ebc80000)
  object space 40960K, 12% used [0x00000000c3600000,0x00000000c3b00cf0,0x00000000c5e00000)
 PSPermGen       total 21504K, used 6896K [0x00000000be400000, 0x00000000bf900000, 0x00000000c3600000)
  object space 21504K, 32% used [0x00000000be400000,0x00000000beabc190,0x00000000bf900000)
}
Event: 3.020 GC heap before
{Heap before GC invocations=9 (full 0):
 PSYoungGen      total 130560K, used 128822K [0x00000000ebc80000, 0x00000000f4780000, 0x0000000100000000)
  eden space 123392K, 98% used [0x00000000ebc80000,0x00000000f335e440,0x00000000f3500000)
  from space 7168K, 99% used [0x00000000f3d80000,0x00000000f446f4e8,0x00000000f4480000)
  to   space 8704K, 0% used [0x00000000f3500000,0x00000000f3500000,0x00000000f3d80000)
 ParOldGen       total 40960K, used 5123K [0x00000000c3600000, 0x00000000c5e00000, 0x00000000ebc80000)
  object space 40960K, 12% used [0x00000000c3600000,0x00000000c3b00cf0,0x00000000c5e00000)
 PSPermGen       total 21504K, used 6897K [0x00000000be400000, 0x00000000bf900000, 0x00000000c3600000)
  object space 21504K, 32% used [0x00000000be400000,0x00000000beabc658,0x00000000bf900000)
Event: 3.038 GC heap after
Heap after GC invocations=9 (full 0):
 PSYoungGen      total 132096K, used 8690K [0x00000000ebc80000, 0x00000000f9480000, 0x0000000100000000)
  eden space 123392K, 0% used [0x00000000ebc80000,0x00000000ebc80000,0x00000000f3500000)
  from space 8704K, 99% used [0x00000000f3500000,0x00000000f3d7c8c0,0x00000000f3d80000)
  to   space 11776K, 0% used [0x00000000f8900000,0x00000000f8900000,0x00000000f9480000)
 ParOldGen       total 40960K, used 9771K [0x00000000c3600000, 0x00000000c5e00000, 0x00000000ebc80000)
  object space 40960K, 23% used [0x00000000c3600000,0x00000000c3f8acf0,0x00000000c5e00000)
 PSPermGen       total 21504K, used 6897K [0x00000000be400000, 0x00000000bf900000, 0x00000000c3600000)
  object space 21504K, 32% used [0x00000000be400000,0x00000000beabc658,0x00000000bf900000)
}
Event: 3.219 GC heap before
{Heap before GC invocations=10 (full 0):
 PSYoungGen      total 132096K, used 127287K [0x00000000ebc80000, 0x00000000f9480000, 0x0000000100000000)
  eden space 123392K, 96% used [0x00000000ebc80000,0x00000000f30516d0,0x00000000f3500000)
  from space 8704K, 99% used [0x00000000f3500000,0x00000000f3d7c8c0,0x00000000f3d80000)
  to   space 11776K, 0% used [0x00000000f8900000,0x00000000f8900000,0x00000000f9480000)
 ParOldGen       total 40960K, used 9771K [0x00000000c3600000, 0x00000000c5e00000, 0x00000000ebc80000)
  object space 40960K, 23% used [0x00000000c3600000,0x00000000c3f8acf0,0x00000000c5e00000)
 PSPermGen       total 21504K, used 6907K [0x00000000be400000, 0x00000000bf900000, 0x00000000c3600000)
  object space 21504K, 32% used [0x00000000be400000,0x00000000beabed78,0x00000000bf900000)
Event: 3.243 GC heap after
Heap after GC invocations=10 (full 0):
 PSYoungGen      total 205312K, used 11753K [0x00000000ebc80000, 0x00000000f9c80000, 0x0000000100000000)
  eden space 193536K, 0% used [0x00000000ebc80000,0x00000000ebc80000,0x00000000f7980000)
  from space 11776K, 99% used [0x00000000f8900000,0x00000000f947a7a8,0x00000000f9480000)
  to   space 15872K, 0% used [0x00000000f7980000,0x00000000f7980000,0x00000000f8900000)
 ParOldGen       total 40960K, used 15251K [0x00000000c3600000, 0x00000000c5e00000, 0x00000000ebc80000)
  object space 40960K, 37% used [0x00000000c3600000,0x00000000c44e4cf0,0x00000000c5e00000)
 PSPermGen       total 21504K, used 6907K [0x00000000be400000, 0x00000000bf900000, 0x00000000c3600000)
  object space 21504K, 32% used [0x00000000be400000,0x00000000beabed78,0x00000000bf900000)
}

Deoptimization events (8 events):
Event: 2.038 Thread 0x000000000a15f000 Uncommon trap: reason=array_check action=maybe_recompile pc=0x0000000002a6c89c method=java.util.AbstractCollection.toArray([Ljava/lang/Object;)[Ljava/lang/Object; @ 119
Event: 2.038 Thread 0x000000000a15f000 Uncommon trap: reason=array_check action=maybe_recompile pc=0x0000000002a6c89c method=java.util.AbstractCollection.toArray([Ljava/lang/Object;)[Ljava/lang/Object; @ 119
Event: 2.038 Thread 0x000000000a15f000 Uncommon trap: reason=array_check action=maybe_recompile pc=0x0000000002a6c89c method=java.util.AbstractCollection.toArray([Ljava/lang/Object;)[Ljava/lang/Object; @ 119
Event: 2.038 Thread 0x000000000a15f000 Uncommon trap: reason=array_check action=maybe_recompile pc=0x0000000002a6c89c method=java.util.AbstractCollection.toArray([Ljava/lang/Object;)[Ljava/lang/Object; @ 119
Event: 2.647 Thread 0x000000000a15f000 Uncommon trap: reason=range_check action=make_not_entrant pc=0x0000000002a9fc98 method=com.badlogic.gdx.graphics.g3d.loaders.wavefront.ObjLoader.loadObj(Lcom/badlogic/gdx/files/FileHandle;Lcom/badlogic/gdx/files/FileHandle;Z)Lcom/badlogic/gdx/graphics/g3d/Ü"gas	@
Event: 3.181 Thread 0x000000000a15f000 Uncommon trap: reason=unloaded action=reinterpret pc=0x0000000002a890d0 method=sun.misc.FloatingDecimal.doubleValue()D @ 848
Event: 3.343 Thread 0x000000000a15f000 Uncommon trap: reason=unreached action=reinterpret pc=0x0000000002aa8e14 method=com.badlogic.gdx.graphics.g3d.loaders.wavefront.ObjLoader.loadObj(Lcom/badlogic/gdx/files/FileHandle;Lcom/badlogic/gdx/files/FileHandle;Z)Lcom/badlogic/gdx/graphics/g3d/model/s—ª¬ŽÇÁ@
Event: 3.470 Thread 0x000000000a15f000 Uncommon trap: reason=unloaded action=reinterpret pc=0x0000000002ac04ec method=com.badlogic.gdx.graphics.g3d.loaders.wavefront.ObjLoader.loadObj(Lcom/badlogic/gdx/files/FileHandle;Lcom/badlogic/gdx/files/FileHandle;Z)Lcom/badlogic/gdx/graphics/g3d/model/st

Internal exceptions (10 events):
Event: 3.471 Thread 0x000000000a15f000 Threw 0x00000000f16f3e28 at C:\jdk7u2_64p\jdk7u40\hotspot\src\share\vm\prims\jvm.cpp:1244
Event: 3.472 Thread 0x000000000a15f000 Threw 0x00000000f1706238 at C:\jdk7u2_64p\jdk7u40\hotspot\src\share\vm\prims\jvm.cpp:1244
Event: 3.472 Thread 0x000000000a15f000 Threw 0x00000000f17090f0 at C:\jdk7u2_64p\jdk7u40\hotspot\src\share\vm\prims\jvm.cpp:1244
Event: 3.474 Thread 0x000000000a15f000 Threw 0x00000000f170bfb8 at C:\jdk7u2_64p\jdk7u40\hotspot\src\share\vm\prims\jvm.cpp:1244
Event: 3.475 Thread 0x000000000a15f000 Threw 0x00000000f1712de8 at C:\jdk7u2_64p\jdk7u40\hotspot\src\share\vm\prims\jvm.cpp:1244
Event: 3.475 Thread 0x000000000a15f000 Threw 0x00000000f1718270 at C:\jdk7u2_64p\jdk7u40\hotspot\src\share\vm\prims\jvm.cpp:1244
Event: 3.478 Thread 0x000000000a15f000 Threw 0x00000000f1723ae0 at C:\jdk7u2_64p\jdk7u40\hotspot\src\share\vm\prims\jvm.cpp:1244
Event: 3.487 Thread 0x000000000a15f000 Threw 0x00000000f172ae80 at C:\jdk7u2_64p\jdk7u40\hotspot\src\share\vm\prims\jvm.cpp:1244
Event: 3.490 Thread 0x000000000a15f000 Threw 0x00000000f1736f98 at C:\jdk7u2_64p\jdk7u40\hotspot\src\share\vm\prims\jvm.cpp:1244
Event: 3.490 Thread 0x000000000a15f000 Threw 0x00000000f173a830 at C:\jdk7u2_64p\jdk7u40\hotspot\src\share\vm\prims\jvm.cpp:1244

Events (10 events):
Event: 3.478 loading class 0x000000000def61f0
Event: 3.478 loading class 0x000000000def61f0 done
Event: 3.479 loading class 0x0000000002978510
Event: 3.479 loading class 0x0000000002978510 done
Event: 3.487 loading class 0x000000000a25b0e0
Event: 3.487 loading class 0x000000000a25b0e0 done
Event: 3.490 loading class 0x000000000a2abb60
Event: 3.490 loading class 0x000000000a2abb60 done
Event: 3.490 loading class 0x000000000a2acb20
Event: 3.490 loading class 0x000000000a2acb20 done


Dynamic libraries:
0x000007f739540000 - 0x000007f739573000 	C:\Program Files\Java\jre7\bin\javaw.exe
0x000007fc87cb0000 - 0x000007fc87e70000 	C:\WINDOWS\SYSTEM32\ntdll.dll
0x000007fc851f0000 - 0x000007fc85326000 	C:\WINDOWS\system32\KERNEL32.DLL
0x000007fc84ce0000 - 0x000007fc84dd3000 	C:\WINDOWS\system32\KERNELBASE.dll
0x000007fc873f0000 - 0x000007fc874ce000 	C:\WINDOWS\system32\ADVAPI32.dll
0x000007fc86fd0000 - 0x000007fc8711c000 	C:\WINDOWS\system32\USER32.dll
0x000007fc82820000 - 0x000007fc82a8a000 	C:\WINDOWS\WinSxS\amd64_microsoft.windows.common-controls_6595b64144ccf1df_6.0.9200.16579_none_418ab7ef718b27ef\COMCTL32.dll
0x000007fc87670000 - 0x000007fc87715000 	C:\WINDOWS\system32\msvcrt.dll
0x000007fc87900000 - 0x000007fc87948000 	C:\WINDOWS\SYSTEM32\sechost.dll
0x000007fc850a0000 - 0x000007fc851e5000 	C:\WINDOWS\system32\RPCRT4.dll
0x000007fc87b00000 - 0x000007fc87c41000 	C:\WINDOWS\system32\GDI32.dll
0x000007fc878a0000 - 0x000007fc878d9000 	C:\WINDOWS\system32\IMM32.DLL
0x000007fc86ba0000 - 0x000007fc86cb6000 	C:\WINDOWS\system32\MSCTF.dll
0x0000000055410000 - 0x00000000554e1000 	C:\Program Files\Java\jre7\bin\msvcr100.dll
0x0000000054c40000 - 0x0000000055409000 	C:\Program Files\Java\jre7\bin\server\jvm.dll
0x000007fc77490000 - 0x000007fc77499000 	C:\WINDOWS\SYSTEM32\WSOCK32.dll
0x000007fc7dee0000 - 0x000007fc7df00000 	C:\WINDOWS\SYSTEM32\WINMM.dll
0x000007fc86fc0000 - 0x000007fc86fc7000 	C:\WINDOWS\system32\PSAPI.DLL
0x000007fc87c50000 - 0x000007fc87ca8000 	C:\WINDOWS\system32\WS2_32.dll
0x000007fc7dc30000 - 0x000007fc7dc63000 	C:\WINDOWS\SYSTEM32\WINMMBASE.dll
0x000007fc87720000 - 0x000007fc87729000 	C:\WINDOWS\system32\NSI.dll
0x000007fc84c90000 - 0x000007fc84cdf000 	C:\WINDOWS\SYSTEM32\cfgmgr32.dll
0x000007fc85070000 - 0x000007fc85092000 	C:\WINDOWS\system32\DEVOBJ.dll
0x0000000054c30000 - 0x0000000054c3f000 	C:\Program Files\Java\jre7\bin\verify.dll
0x0000000054c00000 - 0x0000000054c28000 	C:\Program Files\Java\jre7\bin\java.dll
0x0000000054be0000 - 0x0000000054bf5000 	C:\Program Files\Java\jre7\bin\zip.dll
0x0000000054a00000 - 0x0000000054b95000 	C:\Program Files\Java\jre7\bin\awt.dll
0x000007fc85330000 - 0x000007fc853f3000 	C:\WINDOWS\system32\OLEAUT32.dll
0x000007fc87950000 - 0x000007fc87b00000 	C:\WINDOWS\system32\combase.dll
0x000007fc80490000 - 0x000007fc8052f000 	C:\WINDOWS\system32\apphelp.dll
0x000007fc839f0000 - 0x000007fc83ad6000 	C:\WINDOWS\system32\uxtheme.dll
0x000007fc82d20000 - 0x000007fc82d41000 	C:\WINDOWS\SYSTEM32\dwmapi.dll
0x000007fc86a20000 - 0x000007fc86b9e000 	C:\WINDOWS\system32\ole32.dll
0x000007fc849a0000 - 0x000007fc849aa000 	C:\WINDOWS\SYSTEM32\CRYPTBASE.dll
0x000007fc84940000 - 0x000007fc8499c000 	C:\WINDOWS\SYSTEM32\bcryptPrimitives.dll
0x0000000065580000 - 0x000000006560d000 	C:\Users\hafsteinn11\AppData\Local\Temp\libgdxhafsteinn11\123946040\gdx64.dll
0x0000000180000000 - 0x0000000180050000 	C:\Users\hafsteinn11\AppData\Local\Temp\libgdxhafsteinn11\27538956\lwjgl64.dll
0x000007fc7a860000 - 0x000007fc7a97f000 	C:\WINDOWS\SYSTEM32\OPENGL32.dll
0x000007fc7ebf0000 - 0x000007fc7ebf9000 	C:\WINDOWS\SYSTEM32\VERSION.dll
0x000007fc7a830000 - 0x000007fc7a85c000 	C:\WINDOWS\SYSTEM32\GLU32.dll
0x000007fc75300000 - 0x000007fc753ea000 	C:\WINDOWS\SYSTEM32\DDRAW.dll
0x000007fc7a820000 - 0x000007fc7a828000 	C:\WINDOWS\SYSTEM32\DCIMAN32.dll
0x000000000aaa0000 - 0x000000000ab02000 	C:\Users\HAFSTE~1\AppData\Local\Temp\libgdxhafsteinn11\27538956\OpenAL64.dll
0x000007fc85400000 - 0x000007fc866e0000 	C:\WINDOWS\system32\SHELL32.dll
0x000007fc867a0000 - 0x000007fc867f0000 	C:\WINDOWS\system32\SHLWAPI.dll
0x000007fc83070000 - 0x000007fc83106000 	C:\WINDOWS\SYSTEM32\SHCORE.dll
0x000007fc87350000 - 0x000007fc873e6000 	C:\WINDOWS\SYSTEM32\clbcatq.dll
0x000007fc822e0000 - 0x000007fc82342000 	C:\WINDOWS\System32\MMDevApi.dll
0x000007fc7a790000 - 0x000007fc7a81b000 	C:\WINDOWS\SYSTEM32\dsound.dll
0x000007fc84b00000 - 0x000007fc84b43000 	C:\WINDOWS\SYSTEM32\POWRPROF.dll
0x000007fc79f30000 - 0x000007fc79fa2000 	C:\WINDOWS\SYSTEM32\AUDIOSES.DLL
0x000007fc744b0000 - 0x000007fc74fd9000 	C:\WINDOWS\SYSTEM32\ig7icd64.dll
0x000007fc74410000 - 0x000007fc744a1000 	C:\WINDOWS\SYSTEM32\mscms.dll
0x000007fc84160000 - 0x000007fc8417f000 	C:\WINDOWS\SYSTEM32\USERENV.dll
0x000007fc84b60000 - 0x000007fc84b75000 	C:\WINDOWS\SYSTEM32\profapi.dll
0x000007fc743d0000 - 0x000007fc74410000 	C:\WINDOWS\SYSTEM32\icm32.dll
0x000007fc74260000 - 0x000007fc743c3000 	C:\WINDOWS\SYSTEM32\dbghelp.dll

VM Arguments:
jvm_args: -Dfile.encoding=Cp1252 
java_command: DesktopStarter
Launcher Type: SUN_STANDARD

Environment Variables:
PATH=C:\Perl64\site\bin;C:\Perl64\bin;C:\WINDOWS\system32;C:\WINDOWS;C:\WINDOWS\System32\Wbem;C:\WINDOWS\System32\WindowsPowerShell\v1.0\;C:\Program Files\Microsoft\Web Platform Installer\;C:\Program Files (x86)\Microsoft ASP.NET\ASP.NET Web Pages\v1.0\;C:\Program Files (x86)\Windows Kits\8.0\Windows Performance Toolkit\;C:\Program Files\Microsoft SQL Server\110\Tools\Binn\;C:\Program Files\nodejs\;C:\Program Files (x86)\MiKTeX 2.9\miktex\bin\;C:\Program Files\Java\jdk1.7.0_40\bin;c:\Program Files (x86)\Microsoft SQL Server\100\Tools\Binn\VSShell\Common7\IDE\;c:\Program Files (x86)\Microsoft SQL Server\100\Tools\Binn\;c:\Program Files\Microsoft SQL Server\100\Tools\Binn\;c:\Program Files (x86)\Microsoft SQL Server\100\DTS\Binn\;C:\Users\hafsteinn11\AppData\Roaming\npm
USERNAME=hafsteinn11
OS=Windows_NT
PROCESSOR_IDENTIFIER=Intel64 Family 6 Model 58 Stepping 9, GenuineIntel



---------------  S Y S T E M  ---------------

OS: Windows 8 , 64 bit Build 9200 

CPU:total 4 (2 cores per cpu, 2 threads per core) family 6 model 58 stepping 9, cmov, cx8, fxsr, mmx, sse, sse2, sse3, ssse3, sse4.1, sse4.2, popcnt, avx, aes, erms, ht, tsc, tscinvbit, tscinv

Memory: 4k page, physical 3970588k(2580472k free), swap 5871136k(4256392k free)

vm_info: Java HotSpot(TM) 64-Bit Server VM (24.0-b56) for windows-amd64 JRE (1.7.0_40-b43), built on Aug 26 2013 22:38:32 by "java_re" with unknown MS VC++:1600

time: Sat Nov 16 22:53:33 2013
elapsed time: 3 seconds

